2025-02-14 15:18:49,985 - INFO - Выбран файл: ()
2025-02-14 15:18:49,985 - WARNING - Файл не выбран
2025-02-14 15:19:52,900 - INFO - Выбран файл: ()
2025-02-14 15:19:52,900 - WARNING - Файл не выбран
2025-02-27 16:02:44,420 - INFO - Выбран файл: /home/komandaf5/Загрузки/Merge Rejection Reasons (копия).xlsx
2025-02-27 16:02:50,467 - INFO - Введён URL: https://tglk.ru/in/YXjdztmamHxmEEAl
2025-02-27 16:02:51,023 - INFO - Запрос 1: {'lead_id': '31370129'}
2025-02-27 16:02:51,023 - INFO - Ответ 1: 200 {"status":true,"response":{"time":1740661371}}
2025-02-27 16:02:51,293 - INFO - Запрос 2: {'lead_id': '31362537'}
2025-02-27 16:02:51,293 - INFO - Ответ 2: 200 {"status":true,"response":{"time":1740661371}}
2025-02-27 16:02:51,560 - INFO - Запрос 3: {'lead_id': '31362293'}
2025-02-27 16:02:51,560 - INFO - Ответ 3: 200 {"status":true,"response":{"time":1740661371}}
2025-02-27 16:02:51,827 - INFO - Запрос 4: {'lead_id': '31362205'}
2025-02-27 16:02:51,827 - INFO - Ответ 4: 200 {"status":true,"response":{"time":1740661371}}
2025-02-27 16:02:52,093 - INFO - Запрос 5: {'lead_id': '31362203'}
2025-02-27 16:02:52,093 - INFO - Ответ 5: 200 {"status":true,"response":{"time":1740661372}}
2025-02-27 16:02:52,362 - INFO - Запрос 6: {'lead_id': '31362153'}
2025-02-27 16:02:52,362 - INFO - Ответ 6: 200 {"status":true,"response":{"time":1740661372}}
2025-02-27 16:02:52,626 - INFO - Запрос 7: {'lead_id': '31361959'}
2025-02-27 16:02:52,626 - INFO - Ответ 7: 200 {"status":true,"response":{"time":1740661372}}
2025-02-27 16:02:52,902 - INFO - Запрос 8: {'lead_id': '31361913'}
2025-02-27 16:02:52,903 - INFO - Ответ 8: 200 {"status":true,"response":{"time":1740661372}}
2025-02-27 16:02:53,173 - INFO - Запрос 9: {'lead_id': '31361887'}
2025-02-27 16:02:53,173 - INFO - Ответ 9: 200 {"status":true,"response":{"time":1740661373}}
2025-02-27 16:02:53,721 - INFO - Запрос 10: {'lead_id': '31361885'}
2025-02-27 16:02:53,722 - INFO - Ответ 10: 200 {"status":true,"response":{"time":1740661373}}
2025-02-27 16:02:53,990 - INFO - Запрос 11: {'lead_id': '31361883'}
2025-02-27 16:02:53,990 - INFO - Ответ 11: 200 {"status":true,"response":{"time":1740661373}}
2025-02-27 16:02:54,260 - INFO - Запрос 12: {'lead_id': '31361879'}
2025-02-27 16:02:54,260 - INFO - Ответ 12: 200 {"status":true,"response":{"time":1740661374}}
2025-02-27 16:02:54,526 - INFO - Запрос 13: {'lead_id': '31361387'}
2025-02-27 16:02:54,526 - INFO - Ответ 13: 200 {"status":true,"response":{"time":1740661374}}
2025-02-27 16:02:54,802 - INFO - Запрос 14: {'lead_id': '31361311'}
2025-02-27 16:02:54,802 - INFO - Ответ 14: 200 {"status":true,"response":{"time":1740661374}}
2025-02-27 16:02:55,072 - INFO - Запрос 15: {'lead_id': '31361287'}
2025-02-27 16:02:55,072 - INFO - Ответ 15: 200 {"status":true,"response":{"time":1740661375}}
2025-02-27 16:02:55,339 - INFO - Запрос 16: {'lead_id': '31361087'}
2025-02-27 16:02:55,339 - INFO - Ответ 16: 200 {"status":true,"response":{"time":1740661375}}
2025-02-27 16:02:55,606 - INFO - Запрос 17: {'lead_id': '31361049'}
2025-02-27 16:02:55,606 - INFO - Ответ 17: 200 {"status":true,"response":{"time":1740661375}}
2025-02-27 16:02:55,876 - INFO - Запрос 18: {'lead_id': '31361001'}
2025-02-27 16:02:55,877 - INFO - Ответ 18: 200 {"status":true,"response":{"time":1740661375}}
2025-02-27 16:02:56,143 - INFO - Запрос 19: {'lead_id': '31360971'}
2025-02-27 16:02:56,143 - INFO - Ответ 19: 200 {"status":true,"response":{"time":1740661376}}
2025-02-27 16:02:56,413 - INFO - Запрос 20: {'lead_id': '31360933'}
2025-02-27 16:02:56,413 - INFO - Ответ 20: 200 {"status":true,"response":{"time":1740661376}}
2025-02-27 16:02:56,680 - INFO - Запрос 21: {'lead_id': '31360905'}
2025-02-27 16:02:56,680 - INFO - Ответ 21: 200 {"status":true,"response":{"time":1740661376}}
2025-02-27 16:02:56,947 - INFO - Запрос 22: {'lead_id': '31360897'}
2025-02-27 16:02:56,947 - INFO - Ответ 22: 200 {"status":true,"response":{"time":1740661376}}
2025-02-27 16:02:57,218 - INFO - Запрос 23: {'lead_id': '31360863'}
2025-02-27 16:02:57,218 - INFO - Ответ 23: 200 {"status":true,"response":{"time":1740661377}}
2025-02-27 16:02:57,497 - INFO - Запрос 24: {'lead_id': '31360859'}
2025-02-27 16:02:57,497 - INFO - Ответ 24: 200 {"status":true,"response":{"time":1740661377}}
2025-02-27 16:02:58,043 - INFO - Запрос 25: {'lead_id': '31360857'}
2025-02-27 16:02:58,043 - INFO - Ответ 25: 200 {"status":true,"response":{"time":1740661378}}
2025-02-27 16:02:58,318 - INFO - Запрос 26: {'lead_id': '31360851'}
2025-02-27 16:02:58,319 - INFO - Ответ 26: 200 {"status":true,"response":{"time":1740661378}}
2025-02-27 16:02:58,597 - INFO - Запрос 27: {'lead_id': '31360809'}
2025-02-27 16:02:58,597 - INFO - Ответ 27: 200 {"status":true,"response":{"time":1740661378}}
2025-02-27 16:02:58,867 - INFO - Запрос 28: {'lead_id': '31360767'}
2025-02-27 16:02:58,868 - INFO - Ответ 28: 200 {"status":true,"response":{"time":1740661378}}
2025-02-27 16:02:59,131 - INFO - Запрос 29: {'lead_id': '31360735'}
2025-02-27 16:02:59,132 - INFO - Ответ 29: 200 {"status":true,"response":{"time":1740661379}}
2025-02-27 16:02:59,631 - INFO - Запрос 30: {'lead_id': '31360669'}
2025-02-27 16:02:59,632 - INFO - Ответ 30: 200 {"status":true,"response":{"time":1740661379}}
2025-02-27 16:02:59,896 - INFO - Запрос 31: {'lead_id': '31360215'}
2025-02-27 16:02:59,896 - INFO - Ответ 31: 200 {"status":true,"response":{"time":1740661379}}
2025-02-27 16:03:00,185 - INFO - Запрос 32: {'lead_id': '31360211'}
2025-02-27 16:03:00,185 - INFO - Ответ 32: 200 {"status":true,"response":{"time":1740661380}}
2025-02-27 16:03:00,448 - INFO - Запрос 33: {'lead_id': '31360195'}
2025-02-27 16:03:00,448 - INFO - Ответ 33: 200 {"status":true,"response":{"time":1740661380}}
2025-02-27 16:03:00,728 - INFO - Запрос 34: {'lead_id': '31360187'}
2025-02-27 16:03:00,728 - INFO - Ответ 34: 200 {"status":true,"response":{"time":1740661380}}
2025-02-27 16:03:01,082 - INFO - Запрос 35: {'lead_id': '31360177'}
2025-02-27 16:03:01,082 - INFO - Ответ 35: 200 {"status":true,"response":{"time":1740661381}}
2025-02-27 16:03:01,366 - INFO - Запрос 36: {'lead_id': '31360085'}
2025-02-27 16:03:01,366 - INFO - Ответ 36: 200 {"status":true,"response":{"time":1740661381}}
2025-02-27 16:03:02,641 - INFO - Запрос 37: {'lead_id': '31360083'}
2025-02-27 16:03:02,641 - INFO - Ответ 37: 200 {"status":true,"response":{"time":1740661382}}
2025-02-27 16:03:02,907 - INFO - Запрос 38: {'lead_id': '31359519'}
2025-02-27 16:03:02,907 - INFO - Ответ 38: 200 {"status":true,"response":{"time":1740661382}}
2025-02-27 16:03:03,173 - INFO - Запрос 39: {'lead_id': '31359501'}
2025-02-27 16:03:03,173 - INFO - Ответ 39: 200 {"status":true,"response":{"time":1740661383}}
2025-02-27 16:03:03,439 - INFO - Запрос 40: {'lead_id': '31359495'}
2025-02-27 16:03:03,439 - INFO - Ответ 40: 200 {"status":true,"response":{"time":1740661383}}
2025-02-27 16:03:03,697 - INFO - Запрос 41: {'lead_id': '31359473'}
2025-02-27 16:03:03,697 - INFO - Ответ 41: 200 {"status":true,"response":{"time":1740661383}}
2025-02-27 16:03:03,965 - INFO - Запрос 42: {'lead_id': '31359457'}
2025-02-27 16:03:03,965 - INFO - Ответ 42: 200 {"status":true,"response":{"time":1740661383}}
2025-02-27 16:03:04,240 - INFO - Запрос 43: {'lead_id': '31359455'}
2025-02-27 16:03:04,240 - INFO - Ответ 43: 200 {"status":true,"response":{"time":1740661384}}
2025-02-27 16:03:04,508 - INFO - Запрос 44: {'lead_id': '31359441'}
2025-02-27 16:03:04,509 - INFO - Ответ 44: 200 {"status":true,"response":{"time":1740661384}}
2025-02-27 16:03:04,795 - INFO - Запрос 45: {'lead_id': '31359429'}
2025-02-27 16:03:04,795 - INFO - Ответ 45: 200 {"status":true,"response":{"time":1740661384}}
2025-02-27 16:03:05,063 - INFO - Запрос 46: {'lead_id': '31359427'}
2025-02-27 16:03:05,063 - INFO - Ответ 46: 200 {"status":true,"response":{"time":1740661385}}
2025-02-27 16:03:05,332 - INFO - Запрос 47: {'lead_id': '31359425'}
2025-02-27 16:03:05,332 - INFO - Ответ 47: 200 {"status":true,"response":{"time":1740661385}}
2025-02-27 16:03:06,115 - INFO - Запрос 48: {'lead_id': '31359337'}
2025-02-27 16:03:06,115 - INFO - Ответ 48: 200 {"status":true,"response":{"time":1740661386}}
2025-02-27 16:03:06,383 - INFO - Запрос 49: {'lead_id': '31359213'}
2025-02-27 16:03:06,383 - INFO - Ответ 49: 200 {"status":true,"response":{"time":1740661386}}
2025-02-27 16:03:06,642 - INFO - Запрос 50: {'lead_id': '31359175'}
2025-02-27 16:03:06,642 - INFO - Ответ 50: 200 {"status":true,"response":{"time":1740661386}}
2025-02-27 16:03:06,916 - INFO - Запрос 51: {'lead_id': '31359077'}
2025-02-27 16:03:06,917 - INFO - Ответ 51: 200 {"status":true,"response":{"time":1740661386}}
2025-02-27 16:03:07,189 - INFO - Запрос 52: {'lead_id': '31358667'}
2025-02-27 16:03:07,189 - INFO - Ответ 52: 200 {"status":true,"response":{"time":1740661387}}
2025-02-27 16:03:07,454 - INFO - Запрос 53: {'lead_id': '31358549'}
2025-02-27 16:03:07,454 - INFO - Ответ 53: 200 {"status":true,"response":{"time":1740661387}}
2025-02-27 16:03:07,723 - INFO - Запрос 54: {'lead_id': '31358547'}
2025-02-27 16:03:07,723 - INFO - Ответ 54: 200 {"status":true,"response":{"time":1740661387}}
2025-02-27 16:03:07,996 - INFO - Запрос 55: {'lead_id': '31358543'}
2025-02-27 16:03:07,996 - INFO - Ответ 55: 200 {"status":true,"response":{"time":1740661387}}
2025-02-27 16:03:08,263 - INFO - Запрос 56: {'lead_id': '31357757'}
2025-02-27 16:03:08,263 - INFO - Ответ 56: 200 {"status":true,"response":{"time":1740661388}}
2025-02-27 16:03:08,525 - INFO - Запрос 57: {'lead_id': '31357745'}
2025-02-27 16:03:08,525 - INFO - Ответ 57: 200 {"status":true,"response":{"time":1740661388}}
2025-02-27 16:03:09,011 - INFO - Запрос 58: {'lead_id': '31357743'}
2025-02-27 16:03:09,011 - INFO - Ответ 58: 200 {"status":true,"response":{"time":1740661388}}
2025-02-27 16:03:09,280 - INFO - Запрос 59: {'lead_id': '31357705'}
2025-02-27 16:03:09,280 - INFO - Ответ 59: 200 {"status":true,"response":{"time":1740661389}}
2025-02-27 16:03:09,545 - INFO - Запрос 60: {'lead_id': '31357629'}
2025-02-27 16:03:09,545 - INFO - Ответ 60: 200 {"status":true,"response":{"time":1740661389}}
2025-02-27 16:03:09,814 - INFO - Запрос 61: {'lead_id': '31357541'}
2025-02-27 16:03:09,815 - INFO - Ответ 61: 200 {"status":true,"response":{"time":1740661389}}
2025-02-27 16:03:10,088 - INFO - Запрос 62: {'lead_id': '31357291'}
2025-02-27 16:03:10,089 - INFO - Ответ 62: 200 {"status":true,"response":{"time":1740661390}}
2025-02-27 16:03:10,626 - INFO - Запрос 63: {'lead_id': '31357251'}
2025-02-27 16:03:10,627 - INFO - Ответ 63: 200 {"status":true,"response":{"time":1740661390}}
2025-02-27 16:03:11,000 - INFO - Запрос 64: {'lead_id': '31357143'}
2025-02-27 16:03:11,000 - INFO - Ответ 64: 200 {"status":true,"response":{"time":1740661390}}
2025-02-27 16:03:11,275 - INFO - Запрос 65: {'lead_id': '31356879'}
2025-02-27 16:03:11,275 - INFO - Ответ 65: 200 {"status":true,"response":{"time":1740661391}}
2025-02-27 16:03:11,547 - INFO - Запрос 66: {'lead_id': '31356079'}
2025-02-27 16:03:11,547 - INFO - Ответ 66: 200 {"status":true,"response":{"time":1740661391}}
2025-02-27 16:03:11,816 - INFO - Запрос 67: {'lead_id': '31356077'}
2025-02-27 16:03:11,816 - INFO - Ответ 67: 200 {"status":true,"response":{"time":1740661391}}
2025-02-27 16:03:12,092 - INFO - Запрос 68: {'lead_id': '31356075'}
2025-02-27 16:03:12,092 - INFO - Ответ 68: 200 {"status":true,"response":{"time":1740661392}}
2025-02-27 16:03:12,386 - INFO - Запрос 69: {'lead_id': '31356069'}
2025-02-27 16:03:12,386 - INFO - Ответ 69: 200 {"status":true,"response":{"time":1740661392}}
2025-02-27 16:03:12,698 - INFO - Запрос 70: {'lead_id': '31356063'}
2025-02-27 16:03:12,698 - INFO - Ответ 70: 200 {"status":true,"response":{"time":1740661392}}
2025-02-27 16:03:12,983 - INFO - Запрос 71: {'lead_id': '31356061'}
2025-02-27 16:03:12,983 - INFO - Ответ 71: 200 {"status":true,"response":{"time":1740661392}}
2025-02-27 16:03:13,832 - INFO - Запрос 72: {'lead_id': '31356059'}
2025-02-27 16:03:13,832 - INFO - Ответ 72: 200 {"status":true,"response":{"time":1740661393}}
2025-02-27 16:03:14,125 - INFO - Запрос 73: {'lead_id': '31356057'}
2025-02-27 16:03:14,125 - INFO - Ответ 73: 200 {"status":true,"response":{"time":1740661394}}
2025-02-27 16:03:14,397 - INFO - Запрос 74: {'lead_id': '31355977'}
2025-02-27 16:03:14,397 - INFO - Ответ 74: 200 {"status":true,"response":{"time":1740661394}}
2025-02-27 16:03:14,660 - INFO - Запрос 75: {'lead_id': '31355731'}
2025-02-27 16:03:14,660 - INFO - Ответ 75: 200 {"status":true,"response":{"time":1740661394}}
2025-02-27 16:03:14,924 - INFO - Запрос 76: {'lead_id': '31355719'}
2025-02-27 16:03:14,925 - INFO - Ответ 76: 200 {"status":true,"response":{"time":1740661394}}
2025-02-27 16:03:15,195 - INFO - Запрос 77: {'lead_id': '31355635'}
2025-02-27 16:03:15,195 - INFO - Ответ 77: 200 {"status":true,"response":{"time":1740661395}}
2025-02-27 16:03:15,458 - INFO - Запрос 78: {'lead_id': '31355633'}
2025-02-27 16:03:15,458 - INFO - Ответ 78: 200 {"status":true,"response":{"time":1740661395}}
2025-02-27 16:03:15,729 - INFO - Запрос 79: {'lead_id': '31355631'}
2025-02-27 16:03:15,729 - INFO - Ответ 79: 200 {"status":true,"response":{"time":1740661395}}
2025-02-27 16:03:16,004 - INFO - Запрос 80: {'lead_id': '31355521'}
2025-02-27 16:03:16,004 - INFO - Ответ 80: 200 {"status":true,"response":{"time":1740661395}}
2025-02-27 16:03:16,270 - INFO - Запрос 81: {'lead_id': '31355405'}
2025-02-27 16:03:16,270 - INFO - Ответ 81: 200 {"status":true,"response":{"time":1740661396}}
2025-02-27 16:03:16,538 - INFO - Запрос 82: {'lead_id': '31355177'}
2025-02-27 16:03:16,538 - INFO - Ответ 82: 200 {"status":true,"response":{"time":1740661396}}
2025-02-27 16:03:16,805 - INFO - Запрос 83: {'lead_id': '31355111'}
2025-02-27 16:03:16,805 - INFO - Ответ 83: 200 {"status":true,"response":{"time":1740661396}}
2025-02-27 16:03:17,078 - INFO - Запрос 84: {'lead_id': '31355091'}
2025-02-27 16:03:17,079 - INFO - Ответ 84: 200 {"status":true,"response":{"time":1740661397}}
2025-02-27 16:03:17,343 - INFO - Запрос 85: {'lead_id': '31355041'}
2025-02-27 16:03:17,343 - INFO - Ответ 85: 200 {"status":true,"response":{"time":1740661397}}
2025-02-27 16:03:17,611 - INFO - Запрос 86: {'lead_id': '31354827'}
2025-02-27 16:03:17,611 - INFO - Ответ 86: 200 {"status":true,"response":{"time":1740661397}}
2025-02-27 16:03:17,885 - INFO - Запрос 87: {'lead_id': '31354651'}
2025-02-27 16:03:17,885 - INFO - Ответ 87: 200 {"status":true,"response":{"time":1740661397}}
2025-02-27 16:03:18,156 - INFO - Запрос 88: {'lead_id': '31353719'}
2025-02-27 16:03:18,156 - INFO - Ответ 88: 200 {"status":true,"response":{"time":1740661398}}
2025-02-27 16:03:18,423 - INFO - Запрос 89: {'lead_id': '31353551'}
2025-02-27 16:03:18,424 - INFO - Ответ 89: 200 {"status":true,"response":{"time":1740661398}}
2025-02-27 16:03:18,687 - INFO - Запрос 90: {'lead_id': '31353521'}
2025-02-27 16:03:18,687 - INFO - Ответ 90: 200 {"status":true,"response":{"time":1740661398}}
2025-02-27 16:03:18,952 - INFO - Запрос 91: {'lead_id': '31353513'}
2025-02-27 16:03:18,952 - INFO - Ответ 91: 200 {"status":true,"response":{"time":1740661398}}
2025-02-27 16:03:19,217 - INFO - Запрос 92: {'lead_id': '31353479'}
2025-02-27 16:03:19,217 - INFO - Ответ 92: 200 {"status":true,"response":{"time":1740661399}}
2025-02-27 16:03:19,488 - INFO - Запрос 93: {'lead_id': '31353475'}
2025-02-27 16:03:19,488 - INFO - Ответ 93: 200 {"status":true,"response":{"time":1740661399}}
2025-02-27 16:03:19,763 - INFO - Запрос 94: {'lead_id': '31353473'}
2025-02-27 16:03:19,763 - INFO - Ответ 94: 200 {"status":true,"response":{"time":1740661399}}
2025-02-27 16:03:25,036 - INFO - Запрос 95: {'lead_id': '31353471'}
2025-02-27 16:03:25,037 - INFO - Ответ 95: 200 {"status":true,"response":{"time":1740661405}}
2025-02-27 16:03:25,305 - INFO - Запрос 96: {'lead_id': '31353469'}
2025-02-27 16:03:25,305 - INFO - Ответ 96: 200 {"status":true,"response":{"time":1740661405}}
2025-02-27 16:03:30,604 - INFO - Запрос 97: {'lead_id': '31353465'}
2025-02-27 16:03:30,604 - INFO - Ответ 97: 200 {"status":true,"response":{"time":1740661410}}
2025-02-27 16:03:30,875 - INFO - Запрос 98: {'lead_id': '31353463'}
2025-02-27 16:03:30,875 - INFO - Ответ 98: 200 {"status":true,"response":{"time":1740661410}}
2025-02-27 16:03:31,143 - INFO - Запрос 99: {'lead_id': '31353461'}
2025-02-27 16:03:31,143 - INFO - Ответ 99: 200 {"status":true,"response":{"time":1740661411}}
2025-02-27 16:03:31,408 - INFO - Запрос 100: {'lead_id': '31353161'}
2025-02-27 16:03:31,408 - INFO - Ответ 100: 200 {"status":true,"response":{"time":1740661411}}
2025-02-27 16:03:31,686 - INFO - Запрос 101: {'lead_id': '31353147'}
2025-02-27 16:03:31,686 - INFO - Ответ 101: 200 {"status":true,"response":{"time":1740661411}}
2025-02-27 16:03:31,951 - INFO - Запрос 102: {'lead_id': '31353085'}
2025-02-27 16:03:31,951 - INFO - Ответ 102: 200 {"status":true,"response":{"time":1740661411}}
2025-02-27 16:03:32,223 - INFO - Запрос 103: {'lead_id': '31353063'}
2025-02-27 16:03:32,224 - INFO - Ответ 103: 200 {"status":true,"response":{"time":1740661412}}
2025-02-27 16:03:32,488 - INFO - Запрос 104: {'lead_id': '31353053'}
2025-02-27 16:03:32,488 - INFO - Ответ 104: 200 {"status":true,"response":{"time":1740661412}}
2025-02-27 16:03:32,774 - INFO - Запрос 105: {'lead_id': '31352979'}
2025-02-27 16:03:32,775 - INFO - Ответ 105: 200 {"status":true,"response":{"time":1740661412}}
2025-02-27 16:03:56,218 - INFO - Выбран файл: /home/komandaf5/Загрузки/Merge Rejection Reasons (копия).xlsx
2025-02-27 16:04:05,301 - INFO - Введён URL: https://tglk.ru/in/YXjdztmamHxmEEAl
2025-02-27 16:04:05,517 - INFO - Запрос 1: {'lead_id': '31370129'}
2025-02-27 16:04:05,517 - INFO - Ответ 1: 200 {"status":true,"response":{"time":1740661445}}
2025-02-27 16:04:06,018 - INFO - Запрос 2: {'lead_id': '31362537'}
2025-02-27 16:04:06,019 - INFO - Ответ 2: 200 {"status":true,"response":{"time":1740661445}}
2025-02-27 16:04:06,315 - INFO - Запрос 3: {'lead_id': '31362293'}
2025-02-27 16:04:06,316 - INFO - Ответ 3: 200 {"status":true,"response":{"time":1740661446}}
2025-02-27 16:04:06,584 - INFO - Запрос 4: {'lead_id': '31362205'}
2025-02-27 16:04:06,584 - INFO - Ответ 4: 200 {"status":true,"response":{"time":1740661446}}
2025-02-27 16:04:06,851 - INFO - Запрос 5: {'lead_id': '31362203'}
2025-02-27 16:04:06,851 - INFO - Ответ 5: 200 {"status":true,"response":{"time":1740661446}}
2025-02-27 16:04:07,116 - INFO - Запрос 6: {'lead_id': '31362153'}
2025-02-27 16:04:07,116 - INFO - Ответ 6: 200 {"status":true,"response":{"time":1740661447}}
2025-02-27 16:04:07,383 - INFO - Запрос 7: {'lead_id': '31361959'}
2025-02-27 16:04:07,383 - INFO - Ответ 7: 200 {"status":true,"response":{"time":1740661447}}
2025-02-27 16:04:07,649 - INFO - Запрос 8: {'lead_id': '31361913'}
2025-02-27 16:04:07,649 - INFO - Ответ 8: 200 {"status":true,"response":{"time":1740661447}}
2025-02-27 16:04:07,914 - INFO - Запрос 9: {'lead_id': '31361887'}
2025-02-27 16:04:07,915 - INFO - Ответ 9: 200 {"status":true,"response":{"time":1740661447}}
2025-02-27 16:04:08,184 - INFO - Запрос 10: {'lead_id': '31361885'}
2025-02-27 16:04:08,185 - INFO - Ответ 10: 200 {"status":true,"response":{"time":1740661448}}
2025-02-27 16:04:08,462 - INFO - Запрос 11: {'lead_id': '31361883'}
2025-02-27 16:04:08,462 - INFO - Ответ 11: 200 {"status":true,"response":{"time":1740661448}}
2025-02-27 16:04:08,728 - INFO - Запрос 12: {'lead_id': '31361879'}
2025-02-27 16:04:08,729 - INFO - Ответ 12: 200 {"status":true,"response":{"time":1740661448}}
2025-02-27 16:04:08,990 - INFO - Запрос 13: {'lead_id': '31361387'}
2025-02-27 16:04:08,990 - INFO - Ответ 13: 200 {"status":true,"response":{"time":1740661448}}
2025-02-27 16:04:09,257 - INFO - Запрос 14: {'lead_id': '31361311'}
2025-02-27 16:04:09,257 - INFO - Ответ 14: 200 {"status":true,"response":{"time":1740661449}}
2025-02-27 16:04:09,523 - INFO - Запрос 15: {'lead_id': '31361287'}
2025-02-27 16:04:09,523 - INFO - Ответ 15: 200 {"status":true,"response":{"time":1740661449}}
2025-02-27 16:04:09,807 - INFO - Запрос 16: {'lead_id': '31361087'}
2025-02-27 16:04:09,808 - INFO - Ответ 16: 200 {"status":true,"response":{"time":1740661449}}
2025-02-27 16:04:10,074 - INFO - Запрос 17: {'lead_id': '31361049'}
2025-02-27 16:04:10,074 - INFO - Ответ 17: 200 {"status":true,"response":{"time":1740661450}}
2025-02-27 16:04:10,339 - INFO - Запрос 18: {'lead_id': '31361001'}
2025-02-27 16:04:10,339 - INFO - Ответ 18: 200 {"status":true,"response":{"time":1740661450}}
2025-02-27 16:04:10,601 - INFO - Запрос 19: {'lead_id': '31360971'}
2025-02-27 16:04:10,601 - INFO - Ответ 19: 200 {"status":true,"response":{"time":1740661450}}
2025-02-27 16:04:10,866 - INFO - Запрос 20: {'lead_id': '31360933'}
2025-02-27 16:04:10,866 - INFO - Ответ 20: 200 {"status":true,"response":{"time":1740661450}}
2025-02-27 16:04:11,143 - INFO - Запрос 21: {'lead_id': '31360905'}
2025-02-27 16:04:11,143 - INFO - Ответ 21: 200 {"status":true,"response":{"time":1740661451}}
2025-02-27 16:04:11,415 - INFO - Запрос 22: {'lead_id': '31360897'}
2025-02-27 16:04:11,415 - INFO - Ответ 22: 200 {"status":true,"response":{"time":1740661451}}
2025-02-27 16:04:11,680 - INFO - Запрос 23: {'lead_id': '31360863'}
2025-02-27 16:04:11,681 - INFO - Ответ 23: 200 {"status":true,"response":{"time":1740661451}}
2025-02-27 16:04:11,938 - INFO - Запрос 24: {'lead_id': '31360859'}
2025-02-27 16:04:11,938 - INFO - Ответ 24: 200 {"status":true,"response":{"time":1740661451}}
2025-02-27 16:04:12,204 - INFO - Запрос 25: {'lead_id': '31360857'}
2025-02-27 16:04:12,204 - INFO - Ответ 25: 200 {"status":true,"response":{"time":1740661452}}
2025-02-27 16:04:12,471 - INFO - Запрос 26: {'lead_id': '31360851'}
2025-02-27 16:04:12,472 - INFO - Ответ 26: 200 {"status":true,"response":{"time":1740661452}}
2025-02-27 16:04:12,738 - INFO - Запрос 27: {'lead_id': '31360809'}
2025-02-27 16:04:12,738 - INFO - Ответ 27: 200 {"status":true,"response":{"time":1740661452}}
2025-02-27 16:04:13,020 - INFO - Запрос 28: {'lead_id': '31360767'}
2025-02-27 16:04:13,021 - INFO - Ответ 28: 200 {"status":true,"response":{"time":1740661453}}
2025-02-27 16:04:13,290 - INFO - Запрос 29: {'lead_id': '31360735'}
2025-02-27 16:04:13,291 - INFO - Ответ 29: 200 {"status":true,"response":{"time":1740661453}}
2025-02-27 16:04:13,562 - INFO - Запрос 30: {'lead_id': '31360669'}
2025-02-27 16:04:13,562 - INFO - Ответ 30: 200 {"status":true,"response":{"time":1740661453}}
2025-02-27 16:04:13,831 - INFO - Запрос 31: {'lead_id': '31360215'}
2025-02-27 16:04:13,832 - INFO - Ответ 31: 200 {"status":true,"response":{"time":1740661453}}
2025-02-27 16:04:14,325 - INFO - Запрос 32: {'lead_id': '31360211'}
2025-02-27 16:04:14,325 - INFO - Ответ 32: 200 {"status":true,"response":{"time":1740661454}}
2025-02-27 16:04:14,594 - INFO - Запрос 33: {'lead_id': '31360195'}
2025-02-27 16:04:14,594 - INFO - Ответ 33: 200 {"status":true,"response":{"time":1740661454}}
2025-02-27 16:04:14,861 - INFO - Запрос 34: {'lead_id': '31360187'}
2025-02-27 16:04:14,861 - INFO - Ответ 34: 200 {"status":true,"response":{"time":1740661454}}
2025-02-27 16:04:15,129 - INFO - Запрос 35: {'lead_id': '31360177'}
2025-02-27 16:04:15,129 - INFO - Ответ 35: 200 {"status":true,"response":{"time":1740661455}}
2025-02-27 16:04:15,394 - INFO - Запрос 36: {'lead_id': '31360085'}
2025-02-27 16:04:15,394 - INFO - Ответ 36: 200 {"status":true,"response":{"time":1740661455}}
2025-02-27 16:04:15,665 - INFO - Запрос 37: {'lead_id': '31360083'}
2025-02-27 16:04:15,666 - INFO - Ответ 37: 200 {"status":true,"response":{"time":1740661455}}
2025-02-27 16:04:15,930 - INFO - Запрос 38: {'lead_id': '31359519'}
2025-02-27 16:04:15,930 - INFO - Ответ 38: 200 {"status":true,"response":{"time":1740661455}}
2025-02-27 16:04:16,192 - INFO - Запрос 39: {'lead_id': '31359501'}
2025-02-27 16:04:16,192 - INFO - Ответ 39: 200 {"status":true,"response":{"time":1740661456}}
2025-02-27 16:04:16,469 - INFO - Запрос 40: {'lead_id': '31359495'}
2025-02-27 16:04:16,470 - INFO - Ответ 40: 200 {"status":true,"response":{"time":1740661456}}
2025-02-27 16:04:16,739 - INFO - Запрос 41: {'lead_id': '31359473'}
2025-02-27 16:04:16,739 - INFO - Ответ 41: 200 {"status":true,"response":{"time":1740661456}}
2025-02-27 16:04:17,011 - INFO - Запрос 42: {'lead_id': '31359457'}
2025-02-27 16:04:17,012 - INFO - Ответ 42: 200 {"status":true,"response":{"time":1740661457}}
2025-02-27 16:04:17,278 - INFO - Запрос 43: {'lead_id': '31359455'}
2025-02-27 16:04:17,278 - INFO - Ответ 43: 200 {"status":true,"response":{"time":1740661457}}
2025-02-27 16:04:17,546 - INFO - Запрос 44: {'lead_id': '31359441'}
2025-02-27 16:04:17,546 - INFO - Ответ 44: 200 {"status":true,"response":{"time":1740661457}}
2025-02-27 16:04:17,823 - INFO - Запрос 45: {'lead_id': '31359429'}
2025-02-27 16:04:17,823 - INFO - Ответ 45: 200 {"status":true,"response":{"time":1740661457}}
2025-02-27 16:04:18,085 - INFO - Запрос 46: {'lead_id': '31359427'}
2025-02-27 16:04:18,085 - INFO - Ответ 46: 200 {"status":true,"response":{"time":1740661458}}
2025-02-27 16:04:18,346 - INFO - Запрос 47: {'lead_id': '31359425'}
2025-02-27 16:04:18,347 - INFO - Ответ 47: 200 {"status":true,"response":{"time":1740661458}}
2025-02-27 16:04:18,610 - INFO - Запрос 48: {'lead_id': '31359337'}
2025-02-27 16:04:18,611 - INFO - Ответ 48: 200 {"status":true,"response":{"time":1740661458}}
2025-02-27 16:04:18,880 - INFO - Запрос 49: {'lead_id': '31359213'}
2025-02-27 16:04:18,881 - INFO - Ответ 49: 200 {"status":true,"response":{"time":1740661458}}
2025-02-27 16:04:19,145 - INFO - Запрос 50: {'lead_id': '31359175'}
2025-02-27 16:04:19,146 - INFO - Ответ 50: 200 {"status":true,"response":{"time":1740661459}}
2025-02-27 16:04:19,412 - INFO - Запрос 51: {'lead_id': '31359077'}
2025-02-27 16:04:19,412 - INFO - Ответ 51: 200 {"status":true,"response":{"time":1740661459}}
2025-02-27 16:04:19,691 - INFO - Запрос 52: {'lead_id': '31358667'}
2025-02-27 16:04:19,691 - INFO - Ответ 52: 200 {"status":true,"response":{"time":1740661459}}
2025-02-27 16:04:19,954 - INFO - Запрос 53: {'lead_id': '31358549'}
2025-02-27 16:04:19,955 - INFO - Ответ 53: 200 {"status":true,"response":{"time":1740661459}}
2025-02-27 16:04:20,218 - INFO - Запрос 54: {'lead_id': '31358547'}
2025-02-27 16:04:20,218 - INFO - Ответ 54: 200 {"status":true,"response":{"time":1740661460}}
2025-02-27 16:04:20,484 - INFO - Запрос 55: {'lead_id': '31358543'}
2025-02-27 16:04:20,484 - INFO - Ответ 55: 200 {"status":true,"response":{"time":1740661460}}
2025-02-27 16:04:20,756 - INFO - Запрос 56: {'lead_id': '31357757'}
2025-02-27 16:04:20,757 - INFO - Ответ 56: 200 {"status":true,"response":{"time":1740661460}}
2025-02-27 16:04:21,030 - INFO - Запрос 57: {'lead_id': '31357745'}
2025-02-27 16:04:21,030 - INFO - Ответ 57: 200 {"status":true,"response":{"time":1740661461}}
2025-02-27 16:04:21,293 - INFO - Запрос 58: {'lead_id': '31357743'}
2025-02-27 16:04:21,293 - INFO - Ответ 58: 200 {"status":true,"response":{"time":1740661461}}
2025-02-27 16:04:21,558 - INFO - Запрос 59: {'lead_id': '31357705'}
2025-02-27 16:04:21,559 - INFO - Ответ 59: 200 {"status":true,"response":{"time":1740661461}}
2025-02-27 16:04:21,835 - INFO - Запрос 60: {'lead_id': '31357629'}
2025-02-27 16:04:21,836 - INFO - Ответ 60: 200 {"status":true,"response":{"time":1740661461}}
2025-02-27 16:04:22,103 - INFO - Запрос 61: {'lead_id': '31357541'}
2025-02-27 16:04:22,103 - INFO - Ответ 61: 200 {"status":true,"response":{"time":1740661462}}
2025-02-27 16:04:22,368 - INFO - Запрос 62: {'lead_id': '31357291'}
2025-02-27 16:04:22,369 - INFO - Ответ 62: 200 {"status":true,"response":{"time":1740661462}}
2025-02-27 16:04:22,635 - INFO - Запрос 63: {'lead_id': '31357251'}
2025-02-27 16:04:22,636 - INFO - Ответ 63: 200 {"status":true,"response":{"time":1740661462}}
2025-02-27 16:04:22,905 - INFO - Запрос 64: {'lead_id': '31357143'}
2025-02-27 16:04:22,906 - INFO - Ответ 64: 200 {"status":true,"response":{"time":1740661462}}
2025-02-27 16:04:23,178 - INFO - Запрос 65: {'lead_id': '31356879'}
2025-02-27 16:04:23,179 - INFO - Ответ 65: 200 {"status":true,"response":{"time":1740661463}}
2025-02-27 16:04:23,446 - INFO - Запрос 66: {'lead_id': '31356079'}
2025-02-27 16:04:23,446 - INFO - Ответ 66: 200 {"status":true,"response":{"time":1740661463}}
2025-02-27 16:04:23,713 - INFO - Запрос 67: {'lead_id': '31356077'}
2025-02-27 16:04:23,713 - INFO - Ответ 67: 200 {"status":true,"response":{"time":1740661463}}
2025-02-27 16:04:23,978 - INFO - Запрос 68: {'lead_id': '31356075'}
2025-02-27 16:04:23,978 - INFO - Ответ 68: 200 {"status":true,"response":{"time":1740661463}}
2025-02-27 16:04:24,242 - INFO - Запрос 69: {'lead_id': '31356069'}
2025-02-27 16:04:24,242 - INFO - Ответ 69: 200 {"status":true,"response":{"time":1740661464}}
2025-02-27 16:04:24,506 - INFO - Запрос 70: {'lead_id': '31356063'}
2025-02-27 16:04:24,506 - INFO - Ответ 70: 200 {"status":true,"response":{"time":1740661464}}
2025-02-27 16:04:24,773 - INFO - Запрос 71: {'lead_id': '31356061'}
2025-02-27 16:04:24,774 - INFO - Ответ 71: 200 {"status":true,"response":{"time":1740661464}}
2025-02-27 16:04:25,037 - INFO - Запрос 72: {'lead_id': '31356059'}
2025-02-27 16:04:25,038 - INFO - Ответ 72: 200 {"status":true,"response":{"time":1740661465}}
2025-02-27 16:04:25,299 - INFO - Запрос 73: {'lead_id': '31356057'}
2025-02-27 16:04:25,299 - INFO - Ответ 73: 200 {"status":true,"response":{"time":1740661465}}
2025-02-27 16:04:25,570 - INFO - Запрос 74: {'lead_id': '31355977'}
2025-02-27 16:04:25,571 - INFO - Ответ 74: 200 {"status":true,"response":{"time":1740661465}}
2025-02-27 16:04:25,832 - INFO - Запрос 75: {'lead_id': '31355731'}
2025-02-27 16:04:25,832 - INFO - Ответ 75: 200 {"status":true,"response":{"time":1740661465}}
2025-02-27 16:04:26,103 - INFO - Запрос 76: {'lead_id': '31355719'}
2025-02-27 16:04:26,104 - INFO - Ответ 76: 200 {"status":true,"response":{"time":1740661466}}
2025-02-27 16:04:31,370 - INFO - Запрос 77: {'lead_id': '31355635'}
2025-02-27 16:04:31,371 - INFO - Ответ 77: 200 {"status":true,"response":{"time":1740661471}}
2025-02-27 16:04:31,641 - INFO - Запрос 78: {'lead_id': '31355633'}
2025-02-27 16:04:31,641 - INFO - Ответ 78: 200 {"status":true,"response":{"time":1740661471}}
2025-02-27 16:04:31,913 - INFO - Запрос 79: {'lead_id': '31355631'}
2025-02-27 16:04:31,914 - INFO - Ответ 79: 200 {"status":true,"response":{"time":1740661471}}
2025-02-27 16:04:32,184 - INFO - Запрос 80: {'lead_id': '31355521'}
2025-02-27 16:04:32,184 - INFO - Ответ 80: 200 {"status":true,"response":{"time":1740661472}}
2025-02-27 16:04:32,451 - INFO - Запрос 81: {'lead_id': '31355405'}
2025-02-27 16:04:32,452 - INFO - Ответ 81: 200 {"status":true,"response":{"time":1740661472}}
2025-02-27 16:04:32,717 - INFO - Запрос 82: {'lead_id': '31355177'}
2025-02-27 16:04:32,717 - INFO - Ответ 82: 200 {"status":true,"response":{"time":1740661472}}
2025-02-27 16:04:32,989 - INFO - Запрос 83: {'lead_id': '31355111'}
2025-02-27 16:04:32,989 - INFO - Ответ 83: 200 {"status":true,"response":{"time":1740661472}}
2025-02-27 16:04:33,261 - INFO - Запрос 84: {'lead_id': '31355091'}
2025-02-27 16:04:33,261 - INFO - Ответ 84: 200 {"status":true,"response":{"time":1740661473}}
2025-02-27 16:04:33,530 - INFO - Запрос 85: {'lead_id': '31355041'}
2025-02-27 16:04:33,531 - INFO - Ответ 85: 200 {"status":true,"response":{"time":1740661473}}
2025-02-27 16:04:33,806 - INFO - Запрос 86: {'lead_id': '31354827'}
2025-02-27 16:04:33,806 - INFO - Ответ 86: 200 {"status":true,"response":{"time":1740661473}}
2025-02-27 16:04:34,071 - INFO - Запрос 87: {'lead_id': '31354651'}
2025-02-27 16:04:34,071 - INFO - Ответ 87: 200 {"status":true,"response":{"time":1740661474}}
2025-02-27 16:04:34,436 - INFO - Запрос 88: {'lead_id': '31353719'}
2025-02-27 16:04:34,436 - INFO - Ответ 88: 200 {"status":true,"response":{"time":1740661474}}
2025-02-27 16:04:34,704 - INFO - Запрос 89: {'lead_id': '31353551'}
2025-02-27 16:04:34,704 - INFO - Ответ 89: 200 {"status":true,"response":{"time":1740661474}}
2025-02-27 16:04:34,970 - INFO - Запрос 90: {'lead_id': '31353521'}
2025-02-27 16:04:34,970 - INFO - Ответ 90: 200 {"status":true,"response":{"time":1740661474}}
2025-02-27 16:04:35,236 - INFO - Запрос 91: {'lead_id': '31353513'}
2025-02-27 16:04:35,236 - INFO - Ответ 91: 200 {"status":true,"response":{"time":1740661475}}
2025-02-27 16:04:35,508 - INFO - Запрос 92: {'lead_id': '31353479'}
2025-02-27 16:04:35,508 - INFO - Ответ 92: 200 {"status":true,"response":{"time":1740661475}}
2025-02-27 16:04:35,775 - INFO - Запрос 93: {'lead_id': '31353475'}
2025-02-27 16:04:35,775 - INFO - Ответ 93: 200 {"status":true,"response":{"time":1740661475}}
2025-02-27 16:04:36,042 - INFO - Запрос 94: {'lead_id': '31353473'}
2025-02-27 16:04:36,043 - INFO - Ответ 94: 200 {"status":true,"response":{"time":1740661476}}
2025-02-27 16:04:36,308 - INFO - Запрос 95: {'lead_id': '31353471'}
2025-02-27 16:04:36,308 - INFO - Ответ 95: 200 {"status":true,"response":{"time":1740661476}}
2025-02-27 16:04:36,577 - INFO - Запрос 96: {'lead_id': '31353469'}
2025-02-27 16:04:36,577 - INFO - Ответ 96: 200 {"status":true,"response":{"time":1740661476}}
2025-02-27 16:04:36,843 - INFO - Запрос 97: {'lead_id': '31353465'}
2025-02-27 16:04:36,844 - INFO - Ответ 97: 200 {"status":true,"response":{"time":1740661476}}
2025-02-27 16:04:37,108 - INFO - Запрос 98: {'lead_id': '31353463'}
2025-02-27 16:04:37,108 - INFO - Ответ 98: 200 {"status":true,"response":{"time":1740661477}}
2025-02-27 16:04:37,373 - INFO - Запрос 99: {'lead_id': '31353461'}
2025-02-27 16:04:37,374 - INFO - Ответ 99: 200 {"status":true,"response":{"time":1740661477}}
2025-02-27 16:04:37,862 - INFO - Запрос 100: {'lead_id': '31353161'}
2025-02-27 16:04:37,862 - INFO - Ответ 100: 200 {"status":true,"response":{"time":1740661477}}
2025-02-27 16:04:38,132 - INFO - Запрос 101: {'lead_id': '31353147'}
2025-02-27 16:04:38,132 - INFO - Ответ 101: 200 {"status":true,"response":{"time":1740661478}}
2025-02-27 16:04:38,398 - INFO - Запрос 102: {'lead_id': '31353085'}
2025-02-27 16:04:38,398 - INFO - Ответ 102: 200 {"status":true,"response":{"time":1740661478}}
2025-02-27 16:04:38,664 - INFO - Запрос 103: {'lead_id': '31353063'}
2025-02-27 16:04:38,665 - INFO - Ответ 103: 200 {"status":true,"response":{"time":1740661478}}
2025-02-27 16:04:38,926 - INFO - Запрос 104: {'lead_id': '31353053'}
2025-02-27 16:04:38,926 - INFO - Ответ 104: 200 {"status":true,"response":{"time":1740661478}}
2025-02-27 16:04:39,188 - INFO - Запрос 105: {'lead_id': '31352979'}
2025-02-27 16:04:39,188 - INFO - Ответ 105: 200 {"status":true,"response":{"time":1740661479}}
2025-02-27 16:04:39,453 - INFO - Запрос 106: {'lead_id': '31352489'}
2025-02-27 16:04:39,454 - INFO - Ответ 106: 200 {"status":true,"response":{"time":1740661479}}
2025-02-27 16:04:39,716 - INFO - Запрос 107: {'lead_id': '31352143'}
2025-02-27 16:04:39,716 - INFO - Ответ 107: 200 {"status":true,"response":{"time":1740661479}}
2025-02-27 16:04:39,983 - INFO - Запрос 108: {'lead_id': '31351719'}
2025-02-27 16:04:39,983 - INFO - Ответ 108: 200 {"status":true,"response":{"time":1740661479}}
2025-02-27 16:04:40,259 - INFO - Запрос 109: {'lead_id': '31351713'}
2025-02-27 16:04:40,259 - INFO - Ответ 109: 200 {"status":true,"response":{"time":1740661480}}
2025-02-27 16:04:40,519 - INFO - Запрос 110: {'lead_id': '31351711'}
2025-02-27 16:04:40,519 - INFO - Ответ 110: 200 {"status":true,"response":{"time":1740661480}}
2025-02-27 16:04:40,787 - INFO - Запрос 111: {'lead_id': '31351707'}
2025-02-27 16:04:40,787 - INFO - Ответ 111: 200 {"status":true,"response":{"time":1740661480}}
2025-02-27 16:04:41,057 - INFO - Запрос 112: {'lead_id': '31351697'}
2025-02-27 16:04:41,057 - INFO - Ответ 112: 200 {"status":true,"response":{"time":1740661481}}
2025-02-27 16:04:41,327 - INFO - Запрос 113: {'lead_id': '31351677'}
2025-02-27 16:04:41,328 - INFO - Ответ 113: 200 {"status":true,"response":{"time":1740661481}}
2025-02-27 16:04:41,603 - INFO - Запрос 114: {'lead_id': '31351567'}
2025-02-27 16:04:41,603 - INFO - Ответ 114: 200 {"status":true,"response":{"time":1740661481}}
2025-02-27 16:04:41,864 - INFO - Запрос 115: {'lead_id': '31351295'}
2025-02-27 16:04:41,865 - INFO - Ответ 115: 200 {"status":true,"response":{"time":1740661481}}
2025-02-27 16:04:42,348 - INFO - Запрос 116: {'lead_id': '31351075'}
2025-02-27 16:04:42,348 - INFO - Ответ 116: 200 {"status":true,"response":{"time":1740661482}}
2025-02-27 16:04:42,618 - INFO - Запрос 117: {'lead_id': '31351003'}
2025-02-27 16:04:42,618 - INFO - Ответ 117: 200 {"status":true,"response":{"time":1740661482}}
2025-02-27 16:04:42,883 - INFO - Запрос 118: {'lead_id': '31350995'}
2025-02-27 16:04:42,883 - INFO - Ответ 118: 200 {"status":true,"response":{"time":1740661482}}
2025-02-27 16:04:43,150 - INFO - Запрос 119: {'lead_id': '31350971'}
2025-02-27 16:04:43,151 - INFO - Ответ 119: 200 {"status":true,"response":{"time":1740661483}}
2025-02-27 16:04:43,418 - INFO - Запрос 120: {'lead_id': '31350923'}
2025-02-27 16:04:43,418 - INFO - Ответ 120: 200 {"status":true,"response":{"time":1740661483}}
2025-02-27 16:04:43,684 - INFO - Запрос 121: {'lead_id': '31350827'}
2025-02-27 16:04:43,684 - INFO - Ответ 121: 200 {"status":true,"response":{"time":1740661483}}
2025-02-27 16:04:43,943 - INFO - Запрос 122: {'lead_id': '31350787'}
2025-02-27 16:04:43,943 - INFO - Ответ 122: 200 {"status":true,"response":{"time":1740661483}}
2025-02-27 16:04:44,204 - INFO - Запрос 123: {'lead_id': '31350629'}
2025-02-27 16:04:44,204 - INFO - Ответ 123: 200 {"status":true,"response":{"time":1740661484}}
2025-02-27 16:04:44,479 - INFO - Запрос 124: {'lead_id': '31350533'}
2025-02-27 16:04:44,479 - INFO - Ответ 124: 200 {"status":true,"response":{"time":1740661484}}
2025-02-27 16:04:44,748 - INFO - Запрос 125: {'lead_id': '31350443'}
2025-02-27 16:04:44,748 - INFO - Ответ 125: 200 {"status":true,"response":{"time":1740661484}}
2025-02-27 16:04:45,015 - INFO - Запрос 126: {'lead_id': '31350329'}
2025-02-27 16:04:45,015 - INFO - Ответ 126: 200 {"status":true,"response":{"time":1740661485}}
2025-02-27 16:04:45,278 - INFO - Запрос 127: {'lead_id': '31350275'}
2025-02-27 16:04:45,278 - INFO - Ответ 127: 200 {"status":true,"response":{"time":1740661485}}
2025-02-27 16:04:45,551 - INFO - Запрос 128: {'lead_id': '31350173'}
2025-02-27 16:04:45,551 - INFO - Ответ 128: 200 {"status":true,"response":{"time":1740661485}}
2025-02-27 16:04:45,833 - INFO - Запрос 129: {'lead_id': '31350117'}
2025-02-27 16:04:45,833 - INFO - Ответ 129: 200 {"status":true,"response":{"time":1740661485}}
2025-02-27 16:04:46,103 - INFO - Запрос 130: {'lead_id': '31350101'}
2025-02-27 16:04:46,104 - INFO - Ответ 130: 200 {"status":true,"response":{"time":1740661486}}
2025-02-27 16:04:46,371 - INFO - Запрос 131: {'lead_id': '31350051'}
2025-02-27 16:04:46,371 - INFO - Ответ 131: 200 {"status":true,"response":{"time":1740661486}}
2025-02-27 16:04:46,634 - INFO - Запрос 132: {'lead_id': '31349553'}
2025-02-27 16:04:46,634 - INFO - Ответ 132: 200 {"status":true,"response":{"time":1740661486}}
2025-02-27 16:04:46,898 - INFO - Запрос 133: {'lead_id': '31349395'}
2025-02-27 16:04:46,898 - INFO - Ответ 133: 200 {"status":true,"response":{"time":1740661486}}
2025-02-27 16:04:47,322 - INFO - Запрос 134: {'lead_id': '31349093'}
2025-02-27 16:04:47,322 - INFO - Ответ 134: 200 {"status":true,"response":{"time":1740661487}}
2025-02-27 16:04:47,596 - INFO - Запрос 135: {'lead_id': '31349081'}
2025-02-27 16:04:47,596 - INFO - Ответ 135: 200 {"status":true,"response":{"time":1740661487}}
2025-02-27 16:04:48,154 - INFO - Запрос 136: {'lead_id': '31349079'}
2025-02-27 16:04:48,154 - INFO - Ответ 136: 200 {"status":true,"response":{"time":1740661488}}
2025-02-27 16:04:48,417 - INFO - Запрос 137: {'lead_id': '31349073'}
2025-02-27 16:04:48,417 - INFO - Ответ 137: 200 {"status":true,"response":{"time":1740661488}}
2025-02-27 16:04:48,679 - INFO - Запрос 138: {'lead_id': '31348931'}
2025-02-27 16:04:48,680 - INFO - Ответ 138: 200 {"status":true,"response":{"time":1740661488}}
2025-02-27 16:04:49,136 - INFO - Запрос 139: {'lead_id': '31348753'}
2025-02-27 16:04:49,136 - INFO - Ответ 139: 200 {"status":true,"response":{"time":1740661489}}
2025-02-27 16:04:49,403 - INFO - Запрос 140: {'lead_id': '31348569'}
2025-02-27 16:04:49,403 - INFO - Ответ 140: 200 {"status":true,"response":{"time":1740661489}}
2025-02-27 16:04:49,663 - INFO - Запрос 141: {'lead_id': '31348557'}
2025-02-27 16:04:49,663 - INFO - Ответ 141: 200 {"status":true,"response":{"time":1740661489}}
2025-02-27 16:04:49,928 - INFO - Запрос 142: {'lead_id': '31348529'}
2025-02-27 16:04:49,928 - INFO - Ответ 142: 200 {"status":true,"response":{"time":1740661489}}
2025-02-27 16:04:50,246 - INFO - Запрос 143: {'lead_id': '31348511'}
2025-02-27 16:04:50,246 - INFO - Ответ 143: 200 {"status":true,"response":{"time":1740661490}}
2025-02-27 16:04:50,513 - INFO - Запрос 144: {'lead_id': '31348479'}
2025-02-27 16:04:50,513 - INFO - Ответ 144: 200 {"status":true,"response":{"time":1740661490}}
2025-02-27 16:04:50,780 - INFO - Запрос 145: {'lead_id': '31348345'}
2025-02-27 16:04:50,781 - INFO - Ответ 145: 200 {"status":true,"response":{"time":1740661490}}
2025-02-27 16:04:51,045 - INFO - Запрос 146: {'lead_id': '31348213'}
2025-02-27 16:04:51,045 - INFO - Ответ 146: 200 {"status":true,"response":{"time":1740661491}}
2025-02-27 16:04:51,316 - INFO - Запрос 147: {'lead_id': '31347453'}
2025-02-27 16:04:51,316 - INFO - Ответ 147: 200 {"status":true,"response":{"time":1740661491}}
2025-02-27 16:04:51,585 - INFO - Запрос 148: {'lead_id': '31338637'}
2025-02-27 16:04:51,585 - INFO - Ответ 148: 200 {"status":true,"response":{"time":1740661491}}
2025-02-27 16:04:51,847 - INFO - Запрос 149: {'lead_id': '31338609'}
2025-02-27 16:04:51,847 - INFO - Ответ 149: 200 {"status":true,"response":{"time":1740661491}}
2025-02-27 16:04:52,114 - INFO - Запрос 150: {'lead_id': '31338413'}
2025-02-27 16:04:52,114 - INFO - Ответ 150: 200 {"status":true,"response":{"time":1740661492}}
2025-02-27 16:04:52,376 - INFO - Запрос 151: {'lead_id': '31338379'}
2025-02-27 16:04:52,376 - INFO - Ответ 151: 200 {"status":true,"response":{"time":1740661492}}
2025-02-27 16:04:52,743 - INFO - Запрос 152: {'lead_id': '31338375'}
2025-02-27 16:04:52,743 - INFO - Ответ 152: 200 {"status":true,"response":{"time":1740661492}}
2025-02-27 16:04:53,018 - INFO - Запрос 153: {'lead_id': '31338347'}
2025-02-27 16:04:53,018 - INFO - Ответ 153: 200 {"status":true,"response":{"time":1740661493}}
2025-02-27 16:04:53,291 - INFO - Запрос 154: {'lead_id': '31338325'}
2025-02-27 16:04:53,291 - INFO - Ответ 154: 200 {"status":true,"response":{"time":1740661493}}
2025-02-27 16:04:53,568 - INFO - Запрос 155: {'lead_id': '31338323'}
2025-02-27 16:04:53,568 - INFO - Ответ 155: 200 {"status":true,"response":{"time":1740661493}}
2025-02-27 16:04:53,848 - INFO - Запрос 156: {'lead_id': '31338303'}
2025-02-27 16:04:53,849 - INFO - Ответ 156: 200 {"status":true,"response":{"time":1740661493}}
2025-02-27 16:04:54,116 - INFO - Запрос 157: {'lead_id': '31338301'}
2025-02-27 16:04:54,117 - INFO - Ответ 157: 200 {"status":true,"response":{"time":1740661494}}
2025-02-27 16:04:54,385 - INFO - Запрос 158: {'lead_id': '31338293'}
2025-02-27 16:04:54,385 - INFO - Ответ 158: 200 {"status":true,"response":{"time":1740661494}}
2025-02-27 16:04:54,651 - INFO - Запрос 159: {'lead_id': '31338227'}
2025-02-27 16:04:54,652 - INFO - Ответ 159: 200 {"status":true,"response":{"time":1740661494}}
2025-02-27 16:04:54,919 - INFO - Запрос 160: {'lead_id': '31338161'}
2025-02-27 16:04:54,919 - INFO - Ответ 160: 200 {"status":true,"response":{"time":1740661494}}
2025-02-27 16:04:55,193 - INFO - Запрос 161: {'lead_id': '31338087'}
2025-02-27 16:04:55,194 - INFO - Ответ 161: 200 {"status":true,"response":{"time":1740661495}}
2025-02-27 16:04:55,461 - INFO - Запрос 162: {'lead_id': '31337737'}
2025-02-27 16:04:55,461 - INFO - Ответ 162: 200 {"status":true,"response":{"time":1740661495}}
2025-02-27 16:04:55,728 - INFO - Запрос 163: {'lead_id': '31337421'}
2025-02-27 16:04:55,728 - INFO - Ответ 163: 200 {"status":true,"response":{"time":1740661495}}
2025-02-27 16:04:56,205 - INFO - Запрос 164: {'lead_id': '31337371'}
2025-02-27 16:04:56,205 - INFO - Ответ 164: 200 {"status":true,"response":{"time":1740661496}}
2025-02-27 16:04:56,469 - INFO - Запрос 165: {'lead_id': '31337315'}
2025-02-27 16:04:56,469 - INFO - Ответ 165: 200 {"status":true,"response":{"time":1740661496}}
2025-02-27 16:04:56,733 - INFO - Запрос 166: {'lead_id': '31337209'}
2025-02-27 16:04:56,734 - INFO - Ответ 166: 200 {"status":true,"response":{"time":1740661496}}
2025-02-27 16:04:57,002 - INFO - Запрос 167: {'lead_id': '31337207'}
2025-02-27 16:04:57,002 - INFO - Ответ 167: 200 {"status":true,"response":{"time":1740661496}}
2025-02-27 16:04:57,568 - INFO - Запрос 168: {'lead_id': '31337203'}
2025-02-27 16:04:57,568 - INFO - Ответ 168: 200 {"status":true,"response":{"time":1740661497}}
2025-02-27 16:04:57,916 - INFO - Запрос 169: {'lead_id': '31337201'}
2025-02-27 16:04:57,916 - INFO - Ответ 169: 200 {"status":true,"response":{"time":1740661497}}
2025-02-27 16:04:58,268 - INFO - Запрос 170: {'lead_id': '31337199'}
2025-02-27 16:04:58,269 - INFO - Ответ 170: 200 {"status":true,"response":{"time":1740661498}}
2025-02-27 16:04:58,590 - INFO - Запрос 171: {'lead_id': '31337197'}
2025-02-27 16:04:58,590 - INFO - Ответ 171: 200 {"status":true,"response":{"time":1740661498}}
2025-02-27 16:04:58,858 - INFO - Запрос 172: {'lead_id': '31337195'}
2025-02-27 16:04:58,858 - INFO - Ответ 172: 200 {"status":true,"response":{"time":1740661498}}
2025-02-27 16:04:59,149 - INFO - Запрос 173: {'lead_id': '31337193'}
2025-02-27 16:04:59,149 - INFO - Ответ 173: 200 {"status":true,"response":{"time":1740661499}}
2025-02-27 16:04:59,433 - INFO - Запрос 174: {'lead_id': '31337019'}
2025-02-27 16:04:59,433 - INFO - Ответ 174: 200 {"status":true,"response":{"time":1740661499}}
2025-02-27 16:04:59,702 - INFO - Запрос 175: {'lead_id': '31336879'}
2025-02-27 16:04:59,703 - INFO - Ответ 175: 200 {"status":true,"response":{"time":1740661499}}
2025-02-27 16:04:59,972 - INFO - Запрос 176: {'lead_id': '31336823'}
2025-02-27 16:04:59,972 - INFO - Ответ 176: 200 {"status":true,"response":{"time":1740661499}}
2025-02-27 16:05:00,251 - INFO - Запрос 177: {'lead_id': '31336811'}
2025-02-27 16:05:00,251 - INFO - Ответ 177: 200 {"status":true,"response":{"time":1740661500}}
2025-02-27 16:05:00,516 - INFO - Запрос 178: {'lead_id': '31336779'}
2025-02-27 16:05:00,516 - INFO - Ответ 178: 200 {"status":true,"response":{"time":1740661500}}
2025-02-27 16:05:00,799 - INFO - Запрос 179: {'lead_id': '31336721'}
2025-02-27 16:05:00,799 - INFO - Ответ 179: 200 {"status":true,"response":{"time":1740661500}}
2025-02-27 16:05:01,182 - INFO - Запрос 180: {'lead_id': '31336719'}
2025-02-27 16:05:01,182 - INFO - Ответ 180: 200 {"status":true,"response":{"time":1740661501}}
2025-02-27 16:05:01,460 - INFO - Запрос 181: {'lead_id': '31336715'}
2025-02-27 16:05:01,460 - INFO - Ответ 181: 200 {"status":true,"response":{"time":1740661501}}
2025-02-27 16:05:01,746 - INFO - Запрос 182: {'lead_id': '31336713'}
2025-02-27 16:05:01,747 - INFO - Ответ 182: 200 {"status":true,"response":{"time":1740661501}}
2025-02-27 16:05:02,156 - INFO - Запрос 183: {'lead_id': '31336711'}
2025-02-27 16:05:02,156 - INFO - Ответ 183: 200 {"status":true,"response":{"time":1740661502}}
2025-02-27 16:05:02,427 - INFO - Запрос 184: {'lead_id': '31336607'}
2025-02-27 16:05:02,427 - INFO - Ответ 184: 200 {"status":true,"response":{"time":1740661502}}
2025-02-27 16:05:02,741 - INFO - Запрос 185: {'lead_id': '31336605'}
2025-02-27 16:05:02,741 - INFO - Ответ 185: 200 {"status":true,"response":{"time":1740661502}}
2025-02-27 16:05:03,012 - INFO - Запрос 186: {'lead_id': '31336599'}
2025-02-27 16:05:03,012 - INFO - Ответ 186: 200 {"status":true,"response":{"time":1740661503}}
2025-02-27 16:05:03,280 - INFO - Запрос 187: {'lead_id': '31336149'}
2025-02-27 16:05:03,280 - INFO - Ответ 187: 200 {"status":true,"response":{"time":1740661503}}
2025-02-27 16:05:03,552 - INFO - Запрос 188: {'lead_id': '31336047'}
2025-02-27 16:05:03,552 - INFO - Ответ 188: 200 {"status":true,"response":{"time":1740661503}}
2025-02-27 16:05:04,098 - INFO - Запрос 189: {'lead_id': '31336039'}
2025-02-27 16:05:04,098 - INFO - Ответ 189: 200 {"status":true,"response":{"time":1740661504}}
2025-02-27 16:05:04,375 - INFO - Запрос 190: {'lead_id': '31336011'}
2025-02-27 16:05:04,375 - INFO - Ответ 190: 200 {"status":true,"response":{"time":1740661504}}
2025-02-27 16:05:05,643 - INFO - Запрос 191: {'lead_id': '31336005'}
2025-02-27 16:05:05,644 - INFO - Ответ 191: 200 {"status":true,"response":{"time":1740661505}}
2025-02-27 16:05:05,920 - INFO - Запрос 192: {'lead_id': '31335977'}
2025-02-27 16:05:05,920 - INFO - Ответ 192: 200 {"status":true,"response":{"time":1740661505}}
2025-02-27 16:05:06,181 - INFO - Запрос 193: {'lead_id': '31335945'}
2025-02-27 16:05:06,181 - INFO - Ответ 193: 200 {"status":true,"response":{"time":1740661506}}
2025-02-27 16:05:06,448 - INFO - Запрос 194: {'lead_id': '31335373'}
2025-02-27 16:05:06,448 - INFO - Ответ 194: 200 {"status":true,"response":{"time":1740661506}}
2025-02-27 16:05:06,718 - INFO - Запрос 195: {'lead_id': '31335365'}
2025-02-27 16:05:06,719 - INFO - Ответ 195: 200 {"status":true,"response":{"time":1740661506}}
2025-02-27 16:05:06,984 - INFO - Запрос 196: {'lead_id': '31335361'}
2025-02-27 16:05:06,984 - INFO - Ответ 196: 200 {"status":true,"response":{"time":1740661506}}
2025-02-27 16:05:07,254 - INFO - Запрос 197: {'lead_id': '31335355'}
2025-02-27 16:05:07,255 - INFO - Ответ 197: 200 {"status":true,"response":{"time":1740661507}}
2025-02-27 16:05:07,517 - INFO - Запрос 198: {'lead_id': '31335321'}
2025-02-27 16:05:07,517 - INFO - Ответ 198: 200 {"status":true,"response":{"time":1740661507}}
2025-02-27 16:05:07,782 - INFO - Запрос 199: {'lead_id': '31335139'}
2025-02-27 16:05:07,782 - INFO - Ответ 199: 200 {"status":true,"response":{"time":1740661507}}
2025-02-27 16:05:08,044 - INFO - Запрос 200: {'lead_id': '31334851'}
2025-02-27 16:05:08,044 - INFO - Ответ 200: 200 {"status":true,"response":{"time":1740661508}}
2025-02-27 16:05:08,310 - INFO - Запрос 201: {'lead_id': '31334843'}
2025-02-27 16:05:08,310 - INFO - Ответ 201: 200 {"status":true,"response":{"time":1740661508}}
2025-02-27 16:05:08,572 - INFO - Запрос 202: {'lead_id': '31334839'}
2025-02-27 16:05:08,572 - INFO - Ответ 202: 200 {"status":true,"response":{"time":1740661508}}
2025-02-27 16:05:08,840 - INFO - Запрос 203: {'lead_id': '31334369'}
2025-02-27 16:05:08,840 - INFO - Ответ 203: 200 {"status":true,"response":{"time":1740661508}}
2025-02-27 16:05:09,110 - INFO - Запрос 204: {'lead_id': '31333653'}
2025-02-27 16:05:09,111 - INFO - Ответ 204: 200 {"status":true,"response":{"time":1740661509}}
2025-02-27 16:05:09,382 - INFO - Запрос 205: {'lead_id': '31333413'}
2025-02-27 16:05:09,383 - INFO - Ответ 205: 200 {"status":true,"response":{"time":1740661509}}
2025-02-27 16:05:09,661 - INFO - Запрос 206: {'lead_id': '31333411'}
2025-02-27 16:05:09,661 - INFO - Ответ 206: 200 {"status":true,"response":{"time":1740661509}}
2025-02-27 16:05:09,927 - INFO - Запрос 207: {'lead_id': '31333385'}
2025-02-27 16:05:09,927 - INFO - Ответ 207: 200 {"status":true,"response":{"time":1740661509}}
2025-02-27 16:05:10,483 - INFO - Запрос 208: {'lead_id': '31333357'}
2025-02-27 16:05:10,483 - INFO - Ответ 208: 200 {"status":true,"response":{"time":1740661510}}
2025-02-27 16:05:11,039 - INFO - Запрос 209: {'lead_id': '31333355'}
2025-02-27 16:05:11,040 - INFO - Ответ 209: 200 {"status":true,"response":{"time":1740661511}}
2025-02-27 16:05:11,345 - INFO - Запрос 210: {'lead_id': '31333273'}
2025-02-27 16:05:11,345 - INFO - Ответ 210: 200 {"status":true,"response":{"time":1740661511}}
2025-02-27 16:05:11,609 - INFO - Запрос 211: {'lead_id': '31332929'}
2025-02-27 16:05:11,610 - INFO - Ответ 211: 200 {"status":true,"response":{"time":1740661511}}
2025-02-27 16:05:11,876 - INFO - Запрос 212: {'lead_id': '31332745'}
2025-02-27 16:05:11,876 - INFO - Ответ 212: 200 {"status":true,"response":{"time":1740661511}}
2025-02-27 16:05:12,201 - INFO - Запрос 213: {'lead_id': '31332729'}
2025-02-27 16:05:12,201 - INFO - Ответ 213: 200 {"status":true,"response":{"time":1740661512}}
2025-02-27 16:05:12,467 - INFO - Запрос 214: {'lead_id': '31332677'}
2025-02-27 16:05:12,468 - INFO - Ответ 214: 200 {"status":true,"response":{"time":1740661512}}
2025-02-27 16:05:12,736 - INFO - Запрос 215: {'lead_id': '31332657'}
2025-02-27 16:05:12,736 - INFO - Ответ 215: 200 {"status":true,"response":{"time":1740661512}}
2025-02-27 16:05:13,004 - INFO - Запрос 216: {'lead_id': '31332585'}
2025-02-27 16:05:13,004 - INFO - Ответ 216: 200 {"status":true,"response":{"time":1740661512}}
2025-02-27 16:05:13,299 - INFO - Запрос 217: {'lead_id': '31332261'}
2025-02-27 16:05:13,299 - INFO - Ответ 217: 200 {"status":true,"response":{"time":1740661513}}
2025-02-27 16:05:13,566 - INFO - Запрос 218: {'lead_id': '31331675'}
2025-02-27 16:05:13,567 - INFO - Ответ 218: 200 {"status":true,"response":{"time":1740661513}}
2025-02-27 16:05:13,844 - INFO - Запрос 219: {'lead_id': '31330477'}
2025-02-27 16:05:13,844 - INFO - Ответ 219: 200 {"status":true,"response":{"time":1740661513}}
2025-02-27 16:05:14,108 - INFO - Запрос 220: {'lead_id': '31330447'}
2025-02-27 16:05:14,109 - INFO - Ответ 220: 200 {"status":true,"response":{"time":1740661514}}
2025-02-27 16:05:14,386 - INFO - Запрос 221: {'lead_id': '31330199'}
2025-02-27 16:05:14,386 - INFO - Ответ 221: 200 {"status":true,"response":{"time":1740661514}}
2025-02-27 16:05:14,654 - INFO - Запрос 222: {'lead_id': '31330039'}
2025-02-27 16:05:14,654 - INFO - Ответ 222: 200 {"status":true,"response":{"time":1740661514}}
2025-02-27 16:05:14,925 - INFO - Запрос 223: {'lead_id': '31330033'}
2025-02-27 16:05:14,925 - INFO - Ответ 223: 200 {"status":true,"response":{"time":1740661514}}
2025-02-27 16:05:15,250 - INFO - Запрос 224: {'lead_id': '31329861'}
2025-02-27 16:05:15,250 - INFO - Ответ 224: 200 {"status":true,"response":{"time":1740661515}}
2025-02-27 16:05:15,516 - INFO - Запрос 225: {'lead_id': '31329795'}
2025-02-27 16:05:15,516 - INFO - Ответ 225: 200 {"status":true,"response":{"time":1740661515}}
2025-02-27 16:05:15,781 - INFO - Запрос 226: {'lead_id': '31329621'}
2025-02-27 16:05:15,781 - INFO - Ответ 226: 200 {"status":true,"response":{"time":1740661515}}
2025-02-27 16:05:16,046 - INFO - Запрос 227: {'lead_id': '31329613'}
2025-02-27 16:05:16,046 - INFO - Ответ 227: 200 {"status":true,"response":{"time":1740661516}}
2025-02-27 16:05:16,311 - INFO - Запрос 228: {'lead_id': '31329527'}
2025-02-27 16:05:16,311 - INFO - Ответ 228: 200 {"status":true,"response":{"time":1740661516}}
2025-02-27 16:05:16,576 - INFO - Запрос 229: {'lead_id': '31328811'}
2025-02-27 16:05:16,577 - INFO - Ответ 229: 200 {"status":true,"response":{"time":1740661516}}
2025-02-27 16:05:16,846 - INFO - Запрос 230: {'lead_id': '31328721'}
2025-02-27 16:05:16,846 - INFO - Ответ 230: 200 {"status":true,"response":{"time":1740661516}}
2025-02-27 16:05:17,186 - INFO - Запрос 231: {'lead_id': '31327967'}
2025-02-27 16:05:17,186 - INFO - Ответ 231: 200 {"status":true,"response":{"time":1740661517}}
2025-02-27 16:05:17,460 - INFO - Запрос 232: {'lead_id': '31327879'}
2025-02-27 16:05:17,460 - INFO - Ответ 232: 200 {"status":true,"response":{"time":1740661517}}
2025-02-27 16:05:17,730 - INFO - Запрос 233: {'lead_id': '31327079'}
2025-02-27 16:05:17,731 - INFO - Ответ 233: 200 {"status":true,"response":{"time":1740661517}}
2025-02-27 16:05:17,998 - INFO - Запрос 234: {'lead_id': '31325921'}
2025-02-27 16:05:17,999 - INFO - Ответ 234: 200 {"status":true,"response":{"time":1740661517}}
2025-02-27 16:05:18,266 - INFO - Запрос 235: {'lead_id': '31325361'}
2025-02-27 16:05:18,266 - INFO - Ответ 235: 200 {"status":true,"response":{"time":1740661518}}
2025-02-27 16:05:18,531 - INFO - Запрос 236: {'lead_id': '31325359'}
2025-02-27 16:05:18,532 - INFO - Ответ 236: 200 {"status":true,"response":{"time":1740661518}}
2025-02-27 16:05:18,804 - INFO - Запрос 237: {'lead_id': '31325355'}
2025-02-27 16:05:18,804 - INFO - Ответ 237: 200 {"status":true,"response":{"time":1740661518}}
2025-02-27 16:05:19,082 - INFO - Запрос 238: {'lead_id': '31325341'}
2025-02-27 16:05:19,082 - INFO - Ответ 238: 200 {"status":true,"response":{"time":1740661519}}
2025-02-27 16:05:19,355 - INFO - Запрос 239: {'lead_id': '31325331'}
2025-02-27 16:05:19,356 - INFO - Ответ 239: 200 {"status":true,"response":{"time":1740661519}}
2025-02-27 16:05:19,632 - INFO - Запрос 240: {'lead_id': '31325255'}
2025-02-27 16:05:19,633 - INFO - Ответ 240: 200 {"status":true,"response":{"time":1740661519}}
2025-02-27 16:05:19,911 - INFO - Запрос 241: {'lead_id': '31325207'}
2025-02-27 16:05:19,911 - INFO - Ответ 241: 200 {"status":true,"response":{"time":1740661519}}
2025-02-27 16:05:20,180 - INFO - Запрос 242: {'lead_id': '31325117'}
2025-02-27 16:05:20,180 - INFO - Ответ 242: 200 {"status":true,"response":{"time":1740661520}}
2025-02-27 16:05:20,445 - INFO - Запрос 243: {'lead_id': '31325089'}
2025-02-27 16:05:20,446 - INFO - Ответ 243: 200 {"status":true,"response":{"time":1740661520}}
2025-02-27 16:05:20,720 - INFO - Запрос 244: {'lead_id': '31324927'}
2025-02-27 16:05:20,720 - INFO - Ответ 244: 200 {"status":true,"response":{"time":1740661520}}
2025-02-27 16:05:20,998 - INFO - Запрос 245: {'lead_id': '31324921'}
2025-02-27 16:05:20,998 - INFO - Ответ 245: 200 {"status":true,"response":{"time":1740661520}}
2025-02-27 16:05:21,277 - INFO - Запрос 246: {'lead_id': '31324909'}
2025-02-27 16:05:21,277 - INFO - Ответ 246: 200 {"status":true,"response":{"time":1740661521}}
2025-02-27 16:05:21,560 - INFO - Запрос 247: {'lead_id': '31324771'}
2025-02-27 16:05:21,560 - INFO - Ответ 247: 200 {"status":true,"response":{"time":1740661521}}
2025-02-27 16:05:21,839 - INFO - Запрос 248: {'lead_id': '31324669'}
2025-02-27 16:05:21,840 - INFO - Ответ 248: 200 {"status":true,"response":{"time":1740661521}}
2025-02-27 16:05:27,112 - INFO - Запрос 249: {'lead_id': '31324489'}
2025-02-27 16:05:27,113 - INFO - Ответ 249: 200 {"status":true,"response":{"time":1740661527}}
2025-02-27 16:05:27,381 - INFO - Запрос 250: {'lead_id': '31324405'}
2025-02-27 16:05:27,381 - INFO - Ответ 250: 200 {"status":true,"response":{"time":1740661527}}
2025-02-27 16:05:27,648 - INFO - Запрос 251: {'lead_id': '31324335'}
2025-02-27 16:05:27,649 - INFO - Ответ 251: 200 {"status":true,"response":{"time":1740661527}}
2025-02-27 16:05:27,909 - INFO - Запрос 252: {'lead_id': '31324123'}
2025-02-27 16:05:27,909 - INFO - Ответ 252: 200 {"status":true,"response":{"time":1740661527}}
2025-02-27 16:05:28,179 - INFO - Запрос 253: {'lead_id': '31324073'}
2025-02-27 16:05:28,179 - INFO - Ответ 253: 200 {"status":true,"response":{"time":1740661528}}
2025-02-27 16:05:28,445 - INFO - Запрос 254: {'lead_id': '31324039'}
2025-02-27 16:05:28,445 - INFO - Ответ 254: 200 {"status":true,"response":{"time":1740661528}}
2025-02-27 16:05:28,712 - INFO - Запрос 255: {'lead_id': '31323989'}
2025-02-27 16:05:28,712 - INFO - Ответ 255: 200 {"status":true,"response":{"time":1740661528}}
2025-02-27 16:05:28,974 - INFO - Запрос 256: {'lead_id': '31323713'}
2025-02-27 16:05:28,975 - INFO - Ответ 256: 200 {"status":true,"response":{"time":1740661528}}
2025-02-27 16:05:29,244 - INFO - Запрос 257: {'lead_id': '31323643'}
2025-02-27 16:05:29,244 - INFO - Ответ 257: 200 {"status":true,"response":{"time":1740661529}}
2025-02-27 16:05:29,517 - INFO - Запрос 258: {'lead_id': '31323577'}
2025-02-27 16:05:29,517 - INFO - Ответ 258: 200 {"status":true,"response":{"time":1740661529}}
2025-02-27 16:05:30,805 - INFO - Запрос 259: {'lead_id': '31323575'}
2025-02-27 16:05:30,805 - INFO - Ответ 259: 200 {"status":true,"response":{"time":1740661530}}
2025-02-27 16:05:31,083 - INFO - Запрос 260: {'lead_id': '31323531'}
2025-02-27 16:05:31,083 - INFO - Ответ 260: 200 {"status":true,"response":{"time":1740661531}}
2025-02-27 16:05:31,346 - INFO - Запрос 261: {'lead_id': '31323517'}
2025-02-27 16:05:31,347 - INFO - Ответ 261: 200 {"status":true,"response":{"time":1740661531}}
